<?xml version="1.0" encoding="UTF-8"?>
<!-- Generated by org.testng.reporters.JUnitXMLReporter -->
<testsuite hostname="XIPLRAC037" ignored="1" name="Car loan" tests="2" failures="0" timestamp="22 Jan 2019 13:25:36 GMT" time="0.018" errors="0">
  <testcase name="MobileLoginCarloan" time="0.0" classname="test.day3"/>
  <testcase name="APILoginCarloan" time="0.018" classname="test.day3"/>
  <testcase name="WebLoginCarloan" time="0.0" classname="test.day3">
    <ignored/>
  </testcase> <!-- WebLoginCarloan -->
</testsuite> <!-- Car loan -->
