<?xml version="1.0" encoding="UTF-8"?>
<!-- Generated by org.testng.reporters.JUnitXMLReporter -->
<testsuite hostname="XIPLRAC037" ignored="1" name="Personal Loan" tests="2" failures="1" timestamp="22 Jan 2019 13:25:36 GMT" time="0.085" errors="0">
  <testcase name="SecondDemo" time="0.0" classname="test.day1">
    <failure type="org.testng.TestNGException" message="
Parameter &amp;apos;URL&amp;apos; is required by @Test on method SecondDemo but has not been marked @Optional or defined
in C:\Users\pratikd\eclipse-workspace\TestNGTutorial\testng.xml">
      <![CDATA[org.testng.TestNGException: 
Parameter 'URL' is required by @Test on method SecondDemo but has not been marked @Optional or defined
in C:\Users\pratikd\eclipse-workspace\TestNGTutorial\testng.xml
... Removed 24 stack frames]]>
    </failure>
  </testcase> <!-- SecondDemo -->
  <testcase name="ThirdDemo" time="0.004" classname="test.day2"/>
  <testcase name="Demo" time="0.0" classname="test.day1">
    <ignored/>
  </testcase> <!-- Demo -->
</testsuite> <!-- Personal Loan -->
