<?xml version="1.0" encoding="UTF-8"?>
<!-- Generated by org.testng.reporters.JUnitXMLReporter -->
<testsuite hostname="XIPLRAC037" ignored="0" name="Regression" tests="12" failures="0" timestamp="23 Jan 2019 14:04:06 GMT" time="0.117" errors="0">
  <testcase name="Demo" time="0.01" classname="test.day1"/>
  <testcase name="Login" time="0.002" classname="test.day1"/>
  <testcase name="SecondDemo" time="0.003" classname="test.day1"/>
  <testcase name="ThirdDemo" time="0.002" classname="test.day2"/>
  <testcase name="MobileLoginCarloan" time="0.002" classname="test.day3"/>
  <testcase name="WebLoginCarloan" time="0.001" classname="test.day3"/>
  <testcase name="WebLoginCarloan" time="0.003" classname="test.day3"/>
  <testcase name="WebLoginCarloan" time="0.002" classname="test.day3"/>
  <testcase name="APILoginCarloan" time="0.001" classname="test.day3"/>
  <testcase name="APILoginHomeloan" time="0.002" classname="test.day4"/>
  <testcase name="MobileLoginHomeloan" time="0.001" classname="test.day4"/>
  <testcase name="WebLoginHomeloan" time="0.002" classname="test.day4"/>
</testsuite> <!-- Regression -->
